[debug] [2025-03-21T14:43:26.423Z] ----------------------------------------------------------------------
[debug] [2025-03-21T14:43:26.425Z] Command:       C:\Program Files\nodejs\node.exe C:\Users\Apurva\AppData\Roaming\npm\node_modules\firebase-tools\lib\bin\firebase.js init
[debug] [2025-03-21T14:43:26.426Z] CLI Version:   13.35.1
[debug] [2025-03-21T14:43:26.426Z] Platform:      win32
[debug] [2025-03-21T14:43:26.426Z] Node Version:  v22.13.0
[debug] [2025-03-21T14:43:26.426Z] Time:          Fri Mar 21 2025 20:13:26 GMT+0530 (India Standard Time)
[debug] [2025-03-21T14:43:26.426Z] ----------------------------------------------------------------------
[debug] 
[debug] [2025-03-21T14:43:26.617Z] > command requires scopes: ["email","openid","https://www.googleapis.com/auth/cloudplatformprojects.readonly","https://www.googleapis.com/auth/firebase","https://www.googleapis.com/auth/cloud-platform"]
[debug] [2025-03-21T14:43:26.617Z] > authorizing via signed-in user (apurvarathour18@gmail.com)
[info] 
     ######## #### ########  ######## ########     ###     ######  ########
     ##        ##  ##     ## ##       ##     ##  ##   ##  ##       ##
     ######    ##  ########  ######   ########  #########  ######  ######
     ##        ##  ##    ##  ##       ##     ## ##     ##       ## ##
     ##       #### ##     ## ######## ########  ##     ##  ######  ########

You're about to initialize a Firebase project in this directory:

  C:\Users\Apurva\Desktop\public

Before we get started, keep in mind:

  * You are initializing within an existing Firebase project directory

[info] 
=== Project Setup
[info] 
[info] First, let's associate this project directory with a Firebase project.
[info] You can create multiple project aliases by running firebase use --add, 
[info] but for now we'll just set up a default project.
[info] 
[debug] [2025-03-21T14:44:07.931Z] Using project from CLI flag: fir-frontend-01f
[debug] [2025-03-21T14:44:07.932Z] Checked if tokens are valid: true, expires at: 1742571077694
[debug] [2025-03-21T14:44:07.932Z] Checked if tokens are valid: true, expires at: 1742571077694
[debug] [2025-03-21T14:44:07.933Z] >>> [apiv2][query] GET https://firebase.googleapis.com/v1beta1/projects/fir-frontend-01f [none]
[debug] [2025-03-21T14:44:08.739Z] <<< [apiv2][status] GET https://firebase.googleapis.com/v1beta1/projects/fir-frontend-01f 200
[debug] [2025-03-21T14:44:08.739Z] <<< [apiv2][body] GET https://firebase.googleapis.com/v1beta1/projects/fir-frontend-01f {"projectId":"fir-frontend-01f","projectNumber":"1035823282411","displayName":"Firebase-frontend-01f","name":"projects/fir-frontend-01f","resources":{"hostingSite":"fir-frontend-01f"},"state":"ACTIVE","etag":"1_dc368b08-8345-46de-9168-6e8c7ecd583a"}
[info] i  Using project fir-frontend-01f (Firebase-frontend-01f) 
[info] 
=== Hosting Setup
[debug] [2025-03-21T14:44:08.751Z] Checked if tokens are valid: true, expires at: 1742571077694
[debug] [2025-03-21T14:44:08.751Z] Checked if tokens are valid: true, expires at: 1742571077694
[debug] [2025-03-21T14:44:08.751Z] >>> [apiv2][query] GET https://firebase.googleapis.com/v1beta1/projects/fir-frontend-01f [none]
[debug] [2025-03-21T14:44:09.159Z] <<< [apiv2][status] GET https://firebase.googleapis.com/v1beta1/projects/fir-frontend-01f 200
[debug] [2025-03-21T14:44:09.159Z] <<< [apiv2][body] GET https://firebase.googleapis.com/v1beta1/projects/fir-frontend-01f {"projectId":"fir-frontend-01f","projectNumber":"1035823282411","displayName":"Firebase-frontend-01f","name":"projects/fir-frontend-01f","resources":{"hostingSite":"fir-frontend-01f"},"state":"ACTIVE","etag":"1_dc368b08-8345-46de-9168-6e8c7ecd583a"}
[info] 
[info] Your public directory is the folder (relative to your project directory) that
[info] will contain Hosting assets to be uploaded with firebase deploy. If you
[info] have a build process for your assets, use your build's output directory.
[info] 
